{"/home/carol/desafio-ntt-data/backend/src/app.js": {"path":"/home/carol/desafio-ntt-data/backend/src/app.js","statementMap":{"0":{"start":{"line":1,"column":16},"end":{"line":1,"column":34}},"1":{"start":{"line":2,"column":13},"end":{"line":2,"column":28}},"2":{"start":{"line":3,"column":12},"end":{"line":3,"column":21}},"3":{"start":{"line":5,"column":0},"end":{"line":5,"column":16}},"4":{"start":{"line":6,"column":0},"end":{"line":6,"column":24}},"5":{"start":{"line":8,"column":0},"end":{"line":8,"column":49}},"6":{"start":{"line":9,"column":0},"end":{"line":9,"column":50}},"7":{"start":{"line":10,"column":0},"end":{"line":10,"column":49}},"8":{"start":{"line":11,"column":0},"end":{"line":11,"column":53}},"9":{"start":{"line":13,"column":0},"end":{"line":13,"column":53}},"10":{"start":{"line":13,"column":33},"end":{"line":13,"column":51}},"11":{"start":{"line":15,"column":0},"end":{"line":15,"column":21}}},"fnMap":{"0":{"name":"(anonymous_0)","decl":{"start":{"line":13,"column":19},"end":{"line":13,"column":20}},"loc":{"start":{"line":13,"column":33},"end":{"line":13,"column":51}},"line":13}},"branchMap":{},"s":{"0":0,"1":0,"2":0,"3":0,"4":0,"5":0,"6":0,"7":0,"8":0,"9":0,"10":0,"11":0},"f":{"0":0},"b":{}}
,"/home/carol/desafio-ntt-data/backend/src/server.js": {"path":"/home/carol/desafio-ntt-data/backend/src/server.js","statementMap":{"0":{"start":{"line":1,"column":0},"end":{"line":1,"column":27}},"1":{"start":{"line":2,"column":12},"end":{"line":2,"column":28}},"2":{"start":{"line":3,"column":18},"end":{"line":3,"column":46}},"3":{"start":{"line":5,"column":13},"end":{"line":5,"column":37}},"4":{"start":{"line":7,"column":0},"end":{"line":13,"column":3}},"5":{"start":{"line":8,"column":2},"end":{"line":8,"column":35}},"6":{"start":{"line":10,"column":2},"end":{"line":12,"column":5}},"7":{"start":{"line":11,"column":4},"end":{"line":11,"column":53}}},"fnMap":{"0":{"name":"(anonymous_0)","decl":{"start":{"line":7,"column":17},"end":{"line":7,"column":18}},"loc":{"start":{"line":7,"column":29},"end":{"line":13,"column":1}},"line":7},"1":{"name":"(anonymous_1)","decl":{"start":{"line":10,"column":19},"end":{"line":10,"column":20}},"loc":{"start":{"line":10,"column":25},"end":{"line":12,"column":3}},"line":10}},"branchMap":{"0":{"loc":{"start":{"line":5,"column":13},"end":{"line":5,"column":37}},"type":"binary-expr","locations":[{"start":{"line":5,"column":13},"end":{"line":5,"column":29}},{"start":{"line":5,"column":33},"end":{"line":5,"column":37}}],"line":5}},"s":{"0":0,"1":0,"2":0,"3":0,"4":0,"5":0,"6":0,"7":0},"f":{"0":0,"1":0},"b":{"0":[0,0]}}
,"/home/carol/desafio-ntt-data/backend/src/config/database.js": {"path":"/home/carol/desafio-ntt-data/backend/src/config/database.js","statementMap":{"0":{"start":{"line":1,"column":17},"end":{"line":1,"column":36}},"1":{"start":{"line":3,"column":18},"end":{"line":11,"column":1}},"2":{"start":{"line":4,"column":4},"end":{"line":10,"column":5}},"3":{"start":{"line":5,"column":8},"end":{"line":5,"column":54}},"4":{"start":{"line":6,"column":8},"end":{"line":6,"column":45}},"5":{"start":{"line":8,"column":8},"end":{"line":8,"column":66}},"6":{"start":{"line":9,"column":8},"end":{"line":9,"column":24}},"7":{"start":{"line":13,"column":0},"end":{"line":13,"column":27}}},"fnMap":{"0":{"name":"(anonymous_0)","decl":{"start":{"line":3,"column":18},"end":{"line":3,"column":19}},"loc":{"start":{"line":3,"column":30},"end":{"line":11,"column":1}},"line":3}},"branchMap":{},"s":{"0":0,"1":0,"2":0,"3":0,"4":0,"5":0,"6":0,"7":0},"f":{"0":0},"b":{}}
,"/home/carol/desafio-ntt-data/backend/src/models/Movie.model.js": {"path":"/home/carol/desafio-ntt-data/backend/src/models/Movie.model.js","statementMap":{"0":{"start":{"line":1,"column":17},"end":{"line":1,"column":36}},"1":{"start":{"line":3,"column":20},"end":{"line":12,"column":24}},"2":{"start":{"line":14,"column":0},"end":{"line":14,"column":54}}},"fnMap":{},"branchMap":{},"s":{"0":1,"1":1,"2":1},"f":{},"b":{},"_coverageSchema":"1a1c01bbd47fc00a2c39e90264f33305004495a9","hash":"25f6e9493fd4fbdd037ea5480ab2b89f88e29769"}
,"/home/carol/desafio-ntt-data/backend/src/models/Playlist.model.js": {"path":"/home/carol/desafio-ntt-data/backend/src/models/Playlist.model.js","statementMap":{"0":{"start":{"line":1,"column":17},"end":{"line":1,"column":36}},"1":{"start":{"line":2,"column":19},"end":{"line":2,"column":27}},"2":{"start":{"line":4,"column":23},"end":{"line":8,"column":22}},"3":{"start":{"line":10,"column":0},"end":{"line":10,"column":60}}},"fnMap":{},"branchMap":{},"s":{"0":2,"1":2,"2":2,"3":2},"f":{},"b":{},"_coverageSchema":"1a1c01bbd47fc00a2c39e90264f33305004495a9","hash":"173ace1a08d6c9cd54b8513784d177b4e6d7fc02"}
,"/home/carol/desafio-ntt-data/backend/src/models/User.model.js": {"path":"/home/carol/desafio-ntt-data/backend/src/models/User.model.js","statementMap":{"0":{"start":{"line":1,"column":17},"end":{"line":1,"column":36}},"1":{"start":{"line":2,"column":19},"end":{"line":2,"column":27}},"2":{"start":{"line":4,"column":19},"end":{"line":7,"column":2}},"3":{"start":{"line":9,"column":0},"end":{"line":9,"column":52}}},"fnMap":{},"branchMap":{},"s":{"0":0,"1":0,"2":0,"3":0},"f":{},"b":{}}
,"/home/carol/desafio-ntt-data/backend/src/routes/movie.routes.js": {"path":"/home/carol/desafio-ntt-data/backend/src/routes/movie.routes.js","statementMap":{"0":{"start":{"line":1,"column":16},"end":{"line":1,"column":34}},"1":{"start":{"line":2,"column":15},"end":{"line":2,"column":31}},"2":{"start":{"line":3,"column":42},"end":{"line":3,"column":78}},"3":{"start":{"line":5,"column":0},"end":{"line":13,"column":3}},"4":{"start":{"line":6,"column":2},"end":{"line":12,"column":3}},"5":{"start":{"line":7,"column":19},"end":{"line":7,"column":42}},"6":{"start":{"line":8,"column":4},"end":{"line":8,"column":21}},"7":{"start":{"line":10,"column":4},"end":{"line":10,"column":51}},"8":{"start":{"line":11,"column":4},"end":{"line":11,"column":63}},"9":{"start":{"line":15,"column":0},"end":{"line":26,"column":3}},"10":{"start":{"line":16,"column":2},"end":{"line":25,"column":3}},"11":{"start":{"line":17,"column":18},"end":{"line":17,"column":51}},"12":{"start":{"line":18,"column":4},"end":{"line":20,"column":5}},"13":{"start":{"line":19,"column":6},"end":{"line":19,"column":71}},"14":{"start":{"line":21,"column":4},"end":{"line":21,"column":20}},"15":{"start":{"line":23,"column":4},"end":{"line":23,"column":57}},"16":{"start":{"line":24,"column":4},"end":{"line":24,"column":69}},"17":{"start":{"line":28,"column":0},"end":{"line":28,"column":24}}},"fnMap":{"0":{"name":"(anonymous_0)","decl":{"start":{"line":5,"column":22},"end":{"line":5,"column":23}},"loc":{"start":{"line":5,"column":42},"end":{"line":13,"column":1}},"line":5},"1":{"name":"(anonymous_1)","decl":{"start":{"line":15,"column":26},"end":{"line":15,"column":27}},"loc":{"start":{"line":15,"column":46},"end":{"line":26,"column":1}},"line":15}},"branchMap":{"0":{"loc":{"start":{"line":18,"column":4},"end":{"line":20,"column":5}},"type":"if","locations":[{"start":{"line":18,"column":4},"end":{"line":20,"column":5}},{"start":{},"end":{}}],"line":18}},"s":{"0":0,"1":0,"2":0,"3":0,"4":0,"5":0,"6":0,"7":0,"8":0,"9":0,"10":0,"11":0,"12":0,"13":0,"14":0,"15":0,"16":0,"17":0},"f":{"0":0,"1":0},"b":{"0":[0,0]}}
,"/home/carol/desafio-ntt-data/backend/src/routes/playlist.routes.js": {"path":"/home/carol/desafio-ntt-data/backend/src/routes/playlist.routes.js","statementMap":{"0":{"start":{"line":1,"column":16},"end":{"line":1,"column":34}},"1":{"start":{"line":2,"column":15},"end":{"line":2,"column":31}},"2":{"start":{"line":3,"column":24},"end":{"line":3,"column":63}},"3":{"start":{"line":5,"column":0},"end":{"line":13,"column":3}},"4":{"start":{"line":6,"column":27},"end":{"line":6,"column":35}},"5":{"start":{"line":7,"column":4},"end":{"line":12,"column":5}},"6":{"start":{"line":8,"column":23},"end":{"line":8,"column":73}},"7":{"start":{"line":9,"column":6},"end":{"line":9,"column":37}},"8":{"start":{"line":11,"column":6},"end":{"line":11,"column":66}},"9":{"start":{"line":15,"column":0},"end":{"line":25,"column":3}},"10":{"start":{"line":16,"column":21},"end":{"line":16,"column":30}},"11":{"start":{"line":17,"column":4},"end":{"line":24,"column":5}},"12":{"start":{"line":18,"column":24},"end":{"line":20,"column":49}},"13":{"start":{"line":21,"column":6},"end":{"line":21,"column":26}},"14":{"start":{"line":23,"column":6},"end":{"line":23,"column":68}},"15":{"start":{"line":27,"column":0},"end":{"line":35,"column":3}},"16":{"start":{"line":28,"column":25},"end":{"line":28,"column":35}},"17":{"start":{"line":29,"column":4},"end":{"line":34,"column":5}},"18":{"start":{"line":30,"column":23},"end":{"line":30,"column":72}},"19":{"start":{"line":31,"column":6},"end":{"line":31,"column":25}},"20":{"start":{"line":33,"column":6},"end":{"line":33,"column":67}},"21":{"start":{"line":37,"column":0},"end":{"line":46,"column":3}},"22":{"start":{"line":38,"column":25},"end":{"line":38,"column":35}},"23":{"start":{"line":39,"column":21},"end":{"line":39,"column":29}},"24":{"start":{"line":40,"column":4},"end":{"line":45,"column":5}},"25":{"start":{"line":41,"column":22},"end":{"line":41,"column":82}},"26":{"start":{"line":42,"column":6},"end":{"line":42,"column":24}},"27":{"start":{"line":44,"column":6},"end":{"line":44,"column":70}},"28":{"start":{"line":48,"column":0},"end":{"line":56,"column":3}},"29":{"start":{"line":49,"column":25},"end":{"line":49,"column":35}},"30":{"start":{"line":50,"column":4},"end":{"line":55,"column":5}},"31":{"start":{"line":51,"column":6},"end":{"line":51,"column":55}},"32":{"start":{"line":52,"column":6},"end":{"line":52,"column":29}},"33":{"start":{"line":54,"column":6},"end":{"line":54,"column":68}},"34":{"start":{"line":58,"column":0},"end":{"line":67,"column":3}},"35":{"start":{"line":59,"column":25},"end":{"line":59,"column":35}},"36":{"start":{"line":60,"column":22},"end":{"line":60,"column":30}},"37":{"start":{"line":61,"column":4},"end":{"line":66,"column":5}},"38":{"start":{"line":62,"column":22},"end":{"line":62,"column":83}},"39":{"start":{"line":63,"column":6},"end":{"line":63,"column":24}},"40":{"start":{"line":65,"column":6},"end":{"line":65,"column":78}},"41":{"start":{"line":69,"column":0},"end":{"line":77,"column":3}},"42":{"start":{"line":70,"column":34},"end":{"line":70,"column":44}},"43":{"start":{"line":71,"column":4},"end":{"line":76,"column":5}},"44":{"start":{"line":72,"column":22},"end":{"line":72,"column":88}},"45":{"start":{"line":73,"column":6},"end":{"line":73,"column":24}},"46":{"start":{"line":75,"column":6},"end":{"line":75,"column":77}},"47":{"start":{"line":79,"column":0},"end":{"line":79,"column":24}}},"fnMap":{"0":{"name":"(anonymous_0)","decl":{"start":{"line":5,"column":26},"end":{"line":5,"column":27}},"loc":{"start":{"line":5,"column":46},"end":{"line":13,"column":1}},"line":5},"1":{"name":"(anonymous_1)","decl":{"start":{"line":15,"column":25},"end":{"line":15,"column":26}},"loc":{"start":{"line":15,"column":45},"end":{"line":25,"column":1}},"line":15},"2":{"name":"(anonymous_2)","decl":{"start":{"line":27,"column":37},"end":{"line":27,"column":38}},"loc":{"start":{"line":27,"column":57},"end":{"line":35,"column":1}},"line":27},"3":{"name":"(anonymous_3)","decl":{"start":{"line":37,"column":39},"end":{"line":37,"column":40}},"loc":{"start":{"line":37,"column":59},"end":{"line":46,"column":1}},"line":37},"4":{"name":"(anonymous_4)","decl":{"start":{"line":48,"column":40},"end":{"line":48,"column":41}},"loc":{"start":{"line":48,"column":60},"end":{"line":56,"column":1}},"line":48},"5":{"name":"(anonymous_5)","decl":{"start":{"line":58,"column":45},"end":{"line":58,"column":46}},"loc":{"start":{"line":58,"column":65},"end":{"line":67,"column":1}},"line":58},"6":{"name":"(anonymous_6)","decl":{"start":{"line":69,"column":56},"end":{"line":69,"column":57}},"loc":{"start":{"line":69,"column":76},"end":{"line":77,"column":1}},"line":69}},"branchMap":{"0":{"loc":{"start":{"line":18,"column":24},"end":{"line":20,"column":49}},"type":"cond-expr","locations":[{"start":{"line":19,"column":10},"end":{"line":19,"column":58}},{"start":{"line":20,"column":10},"end":{"line":20,"column":49}}],"line":18}},"s":{"0":1,"1":1,"2":1,"3":1,"4":1,"5":1,"6":1,"7":1,"8":0,"9":1,"10":1,"11":1,"12":1,"13":1,"14":0,"15":1,"16":1,"17":1,"18":1,"19":1,"20":0,"21":1,"22":1,"23":1,"24":1,"25":1,"26":1,"27":0,"28":1,"29":1,"30":1,"31":1,"32":1,"33":0,"34":1,"35":1,"36":1,"37":1,"38":1,"39":1,"40":0,"41":1,"42":1,"43":1,"44":1,"45":1,"46":0,"47":1},"f":{"0":1,"1":1,"2":1,"3":1,"4":1,"5":1,"6":1},"b":{"0":[1,0]},"_coverageSchema":"1a1c01bbd47fc00a2c39e90264f33305004495a9","hash":"ae16cd7d13db84b6eda832cf132e2978b94e1886"}
,"/home/carol/desafio-ntt-data/backend/src/routes/tmdb.routes.js": {"path":"/home/carol/desafio-ntt-data/backend/src/routes/tmdb.routes.js","statementMap":{"0":{"start":{"line":1,"column":16},"end":{"line":1,"column":34}},"1":{"start":{"line":2,"column":15},"end":{"line":2,"column":31}},"2":{"start":{"line":3,"column":20},"end":{"line":3,"column":55}},"3":{"start":{"line":5,"column":0},"end":{"line":13,"column":3}},"4":{"start":{"line":6,"column":2},"end":{"line":12,"column":3}},"5":{"start":{"line":7,"column":24},"end":{"line":7,"column":80}},"6":{"start":{"line":8,"column":4},"end":{"line":8,"column":26}},"7":{"start":{"line":10,"column":4},"end":{"line":10,"column":49}},"8":{"start":{"line":11,"column":4},"end":{"line":11,"column":63}},"9":{"start":{"line":15,"column":0},"end":{"line":15,"column":24}}},"fnMap":{"0":{"name":"(anonymous_0)","decl":{"start":{"line":5,"column":22},"end":{"line":5,"column":23}},"loc":{"start":{"line":5,"column":42},"end":{"line":13,"column":1}},"line":5}},"branchMap":{},"s":{"0":1,"1":1,"2":1,"3":1,"4":2,"5":2,"6":1,"7":1,"8":1,"9":1},"f":{"0":2},"b":{},"_coverageSchema":"1a1c01bbd47fc00a2c39e90264f33305004495a9","hash":"c81fd3d381252c53509d295fba9bce9a37d23dd7"}
,"/home/carol/desafio-ntt-data/backend/src/routes/user.routes.js": {"path":"/home/carol/desafio-ntt-data/backend/src/routes/user.routes.js","statementMap":{"0":{"start":{"line":1,"column":16},"end":{"line":1,"column":34}},"1":{"start":{"line":2,"column":15},"end":{"line":2,"column":31}},"2":{"start":{"line":3,"column":20},"end":{"line":3,"column":55}},"3":{"start":{"line":5,"column":0},"end":{"line":13,"column":3}},"4":{"start":{"line":6,"column":2},"end":{"line":12,"column":3}},"5":{"start":{"line":7,"column":17},"end":{"line":7,"column":55}},"6":{"start":{"line":8,"column":4},"end":{"line":8,"column":31}},"7":{"start":{"line":10,"column":4},"end":{"line":10,"column":23}},"8":{"start":{"line":11,"column":4},"end":{"line":11,"column":63}},"9":{"start":{"line":15,"column":0},"end":{"line":23,"column":3}},"10":{"start":{"line":16,"column":2},"end":{"line":22,"column":3}},"11":{"start":{"line":17,"column":17},"end":{"line":17,"column":48}},"12":{"start":{"line":18,"column":4},"end":{"line":18,"column":31}},"13":{"start":{"line":20,"column":4},"end":{"line":20,"column":23}},"14":{"start":{"line":21,"column":4},"end":{"line":21,"column":64}},"15":{"start":{"line":25,"column":0},"end":{"line":25,"column":24}}},"fnMap":{"0":{"name":"(anonymous_0)","decl":{"start":{"line":5,"column":22},"end":{"line":5,"column":23}},"loc":{"start":{"line":5,"column":42},"end":{"line":13,"column":1}},"line":5},"1":{"name":"(anonymous_1)","decl":{"start":{"line":15,"column":26},"end":{"line":15,"column":27}},"loc":{"start":{"line":15,"column":46},"end":{"line":23,"column":1}},"line":15}},"branchMap":{},"s":{"0":0,"1":0,"2":0,"3":0,"4":0,"5":0,"6":0,"7":0,"8":0,"9":0,"10":0,"11":0,"12":0,"13":0,"14":0,"15":0},"f":{"0":0,"1":0},"b":{}}
,"/home/carol/desafio-ntt-data/backend/src/services/movie.service.js": {"path":"/home/carol/desafio-ntt-data/backend/src/services/movie.service.js","statementMap":{"0":{"start":{"line":1,"column":14},"end":{"line":1,"column":46}},"1":{"start":{"line":3,"column":24},"end":{"line":5,"column":1}},"2":{"start":{"line":4,"column":2},"end":{"line":4,"column":64}},"3":{"start":{"line":7,"column":21},"end":{"line":9,"column":1}},"4":{"start":{"line":8,"column":2},"end":{"line":8,"column":34}},"5":{"start":{"line":11,"column":0},"end":{"line":14,"column":2}}},"fnMap":{"0":{"name":"(anonymous_0)","decl":{"start":{"line":3,"column":24},"end":{"line":3,"column":25}},"loc":{"start":{"line":3,"column":36},"end":{"line":5,"column":1}},"line":3},"1":{"name":"(anonymous_1)","decl":{"start":{"line":7,"column":21},"end":{"line":7,"column":22}},"loc":{"start":{"line":7,"column":35},"end":{"line":9,"column":1}},"line":7}},"branchMap":{},"s":{"0":1,"1":1,"2":1,"3":1,"4":2,"5":1},"f":{"0":1,"1":2},"b":{},"_coverageSchema":"1a1c01bbd47fc00a2c39e90264f33305004495a9","hash":"409faf218ac1b06dc79cefee747f838d098534db"}
,"/home/carol/desafio-ntt-data/backend/src/services/playlist.service.js": {"path":"/home/carol/desafio-ntt-data/backend/src/services/playlist.service.js","statementMap":{"0":{"start":{"line":1,"column":17},"end":{"line":1,"column":52}},"1":{"start":{"line":4,"column":19},"end":{"line":4,"column":67}},"2":{"start":{"line":5,"column":2},"end":{"line":5,"column":31}},"3":{"start":{"line":9,"column":2},"end":{"line":13,"column":23}},"4":{"start":{"line":17,"column":2},"end":{"line":17,"column":66}},"5":{"start":{"line":21,"column":2},"end":{"line":21,"column":50}},"6":{"start":{"line":25,"column":2},"end":{"line":29,"column":23}},"7":{"start":{"line":33,"column":2},"end":{"line":33,"column":64}},"8":{"start":{"line":37,"column":2},"end":{"line":37,"column":81}},"9":{"start":{"line":41,"column":2},"end":{"line":41,"column":54}},"10":{"start":{"line":44,"column":0},"end":{"line":53,"column":2}}},"fnMap":{"0":{"name":"createPlaylist","decl":{"start":{"line":3,"column":15},"end":{"line":3,"column":29}},"loc":{"start":{"line":3,"column":44},"end":{"line":6,"column":1}},"line":3},"1":{"name":"addMovieToPlaylist","decl":{"start":{"line":8,"column":15},"end":{"line":8,"column":33}},"loc":{"start":{"line":8,"column":55},"end":{"line":14,"column":1}},"line":8},"2":{"name":"getPlaylistsByUser","decl":{"start":{"line":16,"column":15},"end":{"line":16,"column":33}},"loc":{"start":{"line":16,"column":42},"end":{"line":18,"column":1}},"line":16},"3":{"name":"getAllPlaylists","decl":{"start":{"line":20,"column":15},"end":{"line":20,"column":30}},"loc":{"start":{"line":20,"column":33},"end":{"line":22,"column":1}},"line":20},"4":{"name":"removeMovieFromPlaylist","decl":{"start":{"line":24,"column":15},"end":{"line":24,"column":38}},"loc":{"start":{"line":24,"column":60},"end":{"line":30,"column":1}},"line":24},"5":{"name":"getPlaylistById","decl":{"start":{"line":32,"column":15},"end":{"line":32,"column":30}},"loc":{"start":{"line":32,"column":43},"end":{"line":34,"column":1}},"line":32},"6":{"name":"updatePlaylist","decl":{"start":{"line":36,"column":15},"end":{"line":36,"column":29}},"loc":{"start":{"line":36,"column":54},"end":{"line":38,"column":1}},"line":36},"7":{"name":"deletePlaylist","decl":{"start":{"line":40,"column":15},"end":{"line":40,"column":29}},"loc":{"start":{"line":40,"column":42},"end":{"line":42,"column":1}},"line":40}},"branchMap":{},"s":{"0":2,"1":1,"2":1,"3":1,"4":1,"5":1,"6":1,"7":1,"8":1,"9":1,"10":2},"f":{"0":1,"1":1,"2":1,"3":1,"4":1,"5":1,"6":1,"7":1},"b":{},"_coverageSchema":"1a1c01bbd47fc00a2c39e90264f33305004495a9","hash":"049997d7f98e0ccc20d80e688c7aca0b9f51d331"}
,"/home/carol/desafio-ntt-data/backend/src/services/tmdb.service.js": {"path":"/home/carol/desafio-ntt-data/backend/src/services/tmdb.service.js","statementMap":{"0":{"start":{"line":1,"column":14},"end":{"line":1,"column":30}},"1":{"start":{"line":3,"column":25},"end":{"line":9,"column":2}},"2":{"start":{"line":3,"column":31},"end":{"line":9,"column":2}},"3":{"start":{"line":11,"column":23},"end":{"line":15,"column":1}},"4":{"start":{"line":12,"column":15},"end":{"line":12,"column":33}},"5":{"start":{"line":13,"column":19},"end":{"line":13,"column":60}},"6":{"start":{"line":14,"column":2},"end":{"line":14,"column":31}},"7":{"start":{"line":17,"column":36},"end":{"line":50,"column":1}},"8":{"start":{"line":18,"column":15},"end":{"line":18,"column":33}},"9":{"start":{"line":19,"column":19},"end":{"line":21,"column":4}},"10":{"start":{"line":23,"column":17},"end":{"line":23,"column":38}},"11":{"start":{"line":24,"column":29},"end":{"line":24,"column":31}},"12":{"start":{"line":26,"column":2},"end":{"line":47,"column":3}},"13":{"start":{"line":27,"column":19},"end":{"line":27,"column":49}},"14":{"start":{"line":29,"column":20},"end":{"line":31,"column":5}},"15":{"start":{"line":30,"column":17},"end":{"line":30,"column":69}},"16":{"start":{"line":33,"column":4},"end":{"line":44,"column":5}},"17":{"start":{"line":34,"column":6},"end":{"line":43,"column":9}},"18":{"start":{"line":46,"column":4},"end":{"line":46,"column":47}},"19":{"start":{"line":46,"column":41},"end":{"line":46,"column":47}},"20":{"start":{"line":49,"column":2},"end":{"line":49,"column":28}},"21":{"start":{"line":52,"column":0},"end":{"line":55,"column":2}}},"fnMap":{"0":{"name":"(anonymous_0)","decl":{"start":{"line":3,"column":25},"end":{"line":3,"column":26}},"loc":{"start":{"line":3,"column":31},"end":{"line":9,"column":2}},"line":3},"1":{"name":"(anonymous_1)","decl":{"start":{"line":11,"column":23},"end":{"line":11,"column":24}},"loc":{"start":{"line":11,"column":41},"end":{"line":15,"column":1}},"line":11},"2":{"name":"(anonymous_2)","decl":{"start":{"line":17,"column":36},"end":{"line":17,"column":37}},"loc":{"start":{"line":17,"column":48},"end":{"line":50,"column":1}},"line":17},"3":{"name":"(anonymous_3)","decl":{"start":{"line":30,"column":6},"end":{"line":30,"column":7}},"loc":{"start":{"line":30,"column":17},"end":{"line":30,"column":69}},"line":30}},"branchMap":{"0":{"loc":{"start":{"line":30,"column":17},"end":{"line":30,"column":69}},"type":"binary-expr","locations":[{"start":{"line":30,"column":17},"end":{"line":30,"column":41}},{"start":{"line":30,"column":45},"end":{"line":30,"column":69}}],"line":30},"1":{"loc":{"start":{"line":33,"column":4},"end":{"line":44,"column":5}},"type":"if","locations":[{"start":{"line":33,"column":4},"end":{"line":44,"column":5}},{"start":{},"end":{}}],"line":33},"2":{"loc":{"start":{"line":46,"column":4},"end":{"line":46,"column":47}},"type":"if","locations":[{"start":{"line":46,"column":4},"end":{"line":46,"column":47}},{"start":{},"end":{}}],"line":46}},"s":{"0":1,"1":1,"2":16,"3":1,"4":13,"5":13,"6":13,"7":1,"8":3,"9":3,"10":2,"11":2,"12":2,"13":12,"14":12,"15":12,"16":12,"17":11,"18":12,"19":1,"20":2,"21":1},"f":{"0":16,"1":13,"2":3,"3":12},"b":{"0":[12,11],"1":[11,1],"2":[1,11]},"_coverageSchema":"1a1c01bbd47fc00a2c39e90264f33305004495a9","hash":"4480b9375e5b95b8d447aa940db810805d22a7c2"}
,"/home/carol/desafio-ntt-data/backend/src/services/user.service.js": {"path":"/home/carol/desafio-ntt-data/backend/src/services/user.service.js","statementMap":{"0":{"start":{"line":1,"column":13},"end":{"line":1,"column":44}},"1":{"start":{"line":4,"column":17},"end":{"line":4,"column":46}},"2":{"start":{"line":6,"column":2},"end":{"line":6,"column":28}},"3":{"start":{"line":6,"column":14},"end":{"line":6,"column":28}},"4":{"start":{"line":7,"column":15},"end":{"line":7,"column":40}},"5":{"start":{"line":9,"column":2},"end":{"line":9,"column":27}},"6":{"start":{"line":13,"column":16},"end":{"line":13,"column":34}},"7":{"start":{"line":14,"column":2},"end":{"line":14,"column":62}},"8":{"start":{"line":17,"column":0},"end":{"line":17,"column":45}}},"fnMap":{"0":{"name":"createUser","decl":{"start":{"line":3,"column":15},"end":{"line":3,"column":25}},"loc":{"start":{"line":3,"column":43},"end":{"line":10,"column":1}},"line":3},"1":{"name":"getMockUser","decl":{"start":{"line":12,"column":15},"end":{"line":12,"column":26}},"loc":{"start":{"line":12,"column":29},"end":{"line":15,"column":1}},"line":12}},"branchMap":{"0":{"loc":{"start":{"line":6,"column":2},"end":{"line":6,"column":28}},"type":"if","locations":[{"start":{"line":6,"column":2},"end":{"line":6,"column":28}},{"start":{},"end":{}}],"line":6}},"s":{"0":0,"1":0,"2":0,"3":0,"4":0,"5":0,"6":0,"7":0,"8":0},"f":{"0":0,"1":0},"b":{"0":[0,0]}}
}
